\BOOKMARK [0][-]{section*.1}{\376\377\000R\000e\000s\000u\000m\000e\000n}{}% 1
\BOOKMARK [0][-]{chapter.7}{\376\377\000I\000n\000t\000r\000o\000d\000u\000c\000c\000i\000\363\000n\000\040\000a\000l\000\040\000T\000r\000a\000b\000a\000j\000o\000\040\000d\000e\000\040\000T\000e\000s\000i\000s}{}% 2
\BOOKMARK [1][-]{section.9}{\376\377\000O\000b\000j\000e\000t\000i\000v\000o}{chapter.7}% 3
\BOOKMARK [1][-]{section.11}{\376\377\000A\000l\000c\000a\000n\000c\000e}{chapter.7}% 4
\BOOKMARK [1][-]{section.12}{\376\377\000O\000r\000g\000a\000n\000i\000z\000a\000c\000i\000\363\000n\000\040\000d\000e\000l\000\040\000T\000r\000a\000b\000a\000j\000o}{chapter.7}% 5
\BOOKMARK [0][-]{chapter.13}{\376\377\000F\000F\000T\000\040\000y\000\040\000s\000u\000\040\000u\000s\000o\000\040\000e\000n\000\040\000l\000a\000s\000\040\000c\000o\000m\000u\000n\000i\000c\000a\000c\000i\000o\000n\000e\000s}{}% 6
\BOOKMARK [1][-]{section.14}{\376\377\000L\000a\000\040\000T\000r\000a\000n\000s\000f\000o\000r\000m\000a\000d\000a\000\040\000d\000e\000\040\000F\000o\000u\000r\000i\000e\000r}{chapter.13}% 7
\BOOKMARK [2][-]{subsection.15}{\376\377\000T\000r\000a\000n\000s\000f\000o\000r\000m\000a\000d\000a\000\040\000d\000e\000\040\000F\000o\000u\000r\000i\000e\000r\000\040\000d\000e\000\040\000t\000i\000e\000m\000p\000o\000\040\000c\000o\000n\000t\000i\000n\000u\000o}{section.14}% 8
\BOOKMARK [2][-]{subsection.18}{\376\377\000T\000r\000a\000n\000s\000f\000o\000r\000m\000a\000d\000a\000\040\000d\000e\000\040\000F\000o\000u\000r\000i\000e\000r\000\040\000e\000n\000\040\000T\000i\000e\000m\000p\000o\000\040\000D\000i\000s\000c\000r\000e\000t\000o}{section.14}% 9
\BOOKMARK [1][-]{section.23}{\376\377\000L\000a\000\040\000T\000r\000a\000n\000s\000f\000o\000r\000m\000a\000d\000a\000\040\000R\000\341\000p\000i\000d\000a\000\040\000d\000e\000\040\000F\000o\000u\000r\000i\000e\000r}{chapter.13}% 10
\BOOKMARK [1][-]{section.26}{\376\377\000U\000s\000o\000\040\000d\000e\000\040\000l\000a\000\040\000D\000F\000T\000\040\000e\000n\000\040\000l\000a\000s\000\040\000c\000o\000m\000u\000n\000i\000c\000a\000c\000i\000o\000n\000e\000s\000\040\000d\000i\000g\000i\000t\000a\000l\000e\000s}{chapter.13}% 11
\BOOKMARK [2][-]{subsection.27}{\376\377\000M\000u\000l\000t\000i\000p\000l\000e\000x\000a\000c\000i\000\363\000n\000\040\000p\000o\000r\000\040\000d\000i\000v\000i\000s\000i\000\363\000n\000\040\000o\000r\000t\000o\000g\000o\000n\000a\000l\000\040\000d\000e\000\040\000f\000r\000e\000c\000u\000e\000n\000c\000i\000a\000\040\000\050\000O\000F\000D\000M\000\051}{section.26}% 12
\BOOKMARK [2][-]{subsection.32}{\376\377\000I\000m\000p\000l\000e\000m\000e\000n\000t\000a\000c\000i\000\363\000n\000\040\000d\000e\000\040\000l\000a\000\040\000m\000o\000d\000u\000l\000a\000c\000i\000\363\000n\000\040\000O\000F\000D\000M\000\040\000m\000e\000d\000i\000a\000n\000t\000e\000\040\000D\000F\000T}{section.26}% 13
\BOOKMARK [0][-]{chapter.37}{\376\377\000A\000r\000q\000u\000i\000t\000e\000c\000t\000u\000r\000a\000s\000\040\000p\000a\000r\000a\000\040\000e\000l\000\040\000c\000\363\000m\000p\000u\000t\000o\000\040\000d\000e\000\040\000l\000a\000\040\000T\000r\000a\000n\000s\000f\000o\000r\000m\000a\000d\000a\000\040\000R\000\341\000p\000i\000d\000a\000\040\000d\000e\000\040\000F\000o\000u\000r\000i\000e\000r}{}% 14
\BOOKMARK [1][-]{section.38}{\376\377\000A\000l\000g\000o\000r\000i\000t\000m\000o\000s\000\040\000D\000F\000T}{chapter.37}% 15
\BOOKMARK [2][-]{subsection.39}{\376\377\000A\000l\000g\000o\000r\000i\000t\000m\000o\000\040\000d\000e\000\040\000G\000o\000e\000r\000t\000z\000e\000l}{section.38}% 16
\BOOKMARK [2][-]{subsection.42}{\376\377\000T\000r\000a\000n\000s\000f\000o\000r\000m\000a\000c\000i\000\363\000n\000\040\000B\000l\000u\000e\000s\000t\000e\000i\000n\000\040\000C\000h\000i\000r\000p\000-\000z}{section.38}% 17
\BOOKMARK [2][-]{subsection.45}{\376\377\000A\000l\000g\000o\000r\000i\000t\000m\000o\000\040\000D\000F\000T\000\040\000d\000e\000\040\000W\000i\000n\000o\000g\000r\000a\000d}{section.38}% 18
\BOOKMARK [1][-]{section.49}{\376\377\000\301\000l\000g\000o\000r\000i\000t\000m\000o\000s\000\040\000F\000F\000T}{chapter.37}% 19
\BOOKMARK [2][-]{subsection.50}{\376\377\000A\000l\000g\000o\000r\000i\000t\000m\000o\000\040\000d\000e\000\040\000C\000o\000o\000l\000e\000y\000-\000T\000u\000c\000k\000e\000y\000\040\000p\000a\000r\000a\000\040\000e\000l\000\040\000c\000\341\000l\000c\000u\000l\000o\000\040\000d\000e\000\040\000F\000F\000T}{section.49}% 20
\BOOKMARK [3][-]{section*.57}{\376\377\000A\000l\000g\000o\000r\000i\000t\000m\000o\000s\000\040\000r\000a\000d\000i\000x\000-\000r}{subsection.50}% 21
\BOOKMARK [2][-]{subsection.61}{\376\377\000A\000l\000g\000o\000r\000i\000t\000m\000o\000\040\000d\000e\000\040\000G\000o\000o\000d\000-\000T\000h\000o\000m\000a\000s}{section.49}% 22
\BOOKMARK [1][-]{section.71}{\376\377\000S\000e\000l\000e\000c\000c\000i\000\363\000n\000\040\000d\000e\000l\000\040\000a\000l\000g\000o\000r\000i\000t\000m\000o}{chapter.37}% 23
\BOOKMARK [2][-]{subsection.72}{\376\377\000A\000l\000g\000o\000r\000i\000t\000m\000o\000s\000\040\000D\000F\000T\000\040\000y\000\040\000F\000F\000T}{section.71}% 24
\BOOKMARK [2][-]{subsection.75}{\376\377\000A\000r\000q\000u\000i\000t\000e\000c\000t\000u\000r\000a\000s\000\040\000r\000a\000d\000i\000x\000-\000r}{section.71}% 25
\BOOKMARK [3][-]{section*.77}{\376\377\000F\000o\000r\000m\000a\000s\000\040\000d\000e\000\040\000i\000m\000p\000l\000e\000m\000e\000n\000t\000a\000r\000\040\000e\000l\000\040\000a\000l\000g\000o\000r\000i\000t\000m\000o\000\040\000r\000a\000d\000i\000x\000-\000r}{subsection.75}% 26
\BOOKMARK [2][-]{subsection.82}{\376\377\000M\000u\000l\000t\000i\000p\000l\000i\000c\000a\000c\000i\000\363\000n\000\040\000p\000o\000r\000\040\000l\000o\000s\000\040\000t\000w\000i\000d\000d\000l\000e\000\040\000f\000a\000c\000t\000o\000r\000s}{section.71}% 27
\BOOKMARK [3][-]{section*.83}{\376\377\000A\000l\000g\000o\000r\000i\000t\000m\000o\000\040\000C\000o\000r\000d\000i\000c}{subsection.82}% 28
\BOOKMARK [3][-]{section*.96}{\376\377\000A\000l\000g\000o\000r\000i\000t\000m\000o\000\040\000B\000K\000M}{subsection.82}% 29
\BOOKMARK [3][-]{section*.98}{\376\377\000M\000u\000l\000t\000i\000p\000l\000i\000c\000a\000d\000o\000r\000\040\000c\000o\000m\000p\000l\000e\000j\000o\000\040\000e\000f\000i\000c\000i\000e\000n\000t\000e}{subsection.82}% 30
\BOOKMARK [2][-]{subsection.103}{\376\377\000M\000\351\000t\000o\000d\000o\000\040\000d\000e\000\040\000r\000e\000d\000o\000n\000d\000e\000o\000\040\000o\000\040\000t\000r\000u\000n\000c\000a\000m\000i\000e\000n\000t\000o}{section.71}% 31
\BOOKMARK [2][-]{subsection.105}{\376\377\000A\000r\000q\000u\000i\000t\000e\000c\000t\000u\000r\000a\000s\000\040\000a\000\040\000i\000m\000p\000l\000e\000m\000e\000n\000t\000a\000r}{section.71}% 32
\BOOKMARK [0][-]{chapter.106}{\376\377\000I\000m\000p\000l\000e\000m\000e\000n\000t\000a\000c\000i\000\363\000n\000\040\000a\000\040\000n\000i\000v\000e\000l\000\040\000d\000e\000\040\000m\000i\000c\000r\000o\000a\000r\000q\000u\000i\000t\000e\000c\000t\000u\000r\000a}{}% 33
\BOOKMARK [1][-]{section.107}{\376\377\000A\000r\000q\000u\000i\000t\000e\000c\000t\000u\000r\000a\000\040\000R\000a\000d\000i\000x\000-\0002}{chapter.106}% 34
\BOOKMARK [2][-]{subsection.108}{\376\377\000D\000e\000s\000c\000r\000i\000p\000c\000i\000\363\000n\000\040\000g\000e\000n\000e\000r\000a\000l}{section.107}% 35
\BOOKMARK [2][-]{subsection.111}{\376\377\000M\000e\000m\000o\000r\000i\000a}{section.107}% 36
\BOOKMARK [2][-]{subsection.113}{\376\377\000B\000u\000t\000t\000e\000r\000f\000l\000y}{section.107}% 37
\BOOKMARK [2][-]{subsection.116}{\376\377\000D\000a\000t\000a\000p\000a\000t\000h}{section.107}% 38
\BOOKMARK [2][-]{subsection.120}{\376\377\000U\000n\000i\000d\000a\000d\000\040\000d\000e\000\040\000c\000o\000n\000t\000r\000o\000l}{section.107}% 39
\BOOKMARK [3][-]{section*.123}{\376\377\000M\000\341\000q\000u\000i\000n\000a\000s\000\040\000d\000e\000\040\000e\000s\000t\000a\000d\000o\000s}{subsection.120}% 40
\BOOKMARK [3][-]{section*.126}{\376\377\000C\000o\000n\000t\000r\000o\000l\000\040\000d\000e\000\040\000l\000a\000\040\000m\000e\000m\000o\000r\000i\000a}{subsection.120}% 41
\BOOKMARK [3][-]{section*.127}{\376\377\000C\000o\000n\000t\000r\000o\000l\000\040\000d\000e\000l\000\040\000d\000a\000t\000a\000p\000a\000t\000h}{subsection.120}% 42
\BOOKMARK [2][-]{subsection.128}{\376\377\000I\000n\000t\000e\000g\000r\000a\000c\000i\000\363\000n\000\040\000d\000e\000\040\000l\000a\000\040\000u\000n\000i\000d\000a\000d\000\040\000d\000e\000\040\000c\000o\000n\000t\000r\000o\000l}{section.107}% 43
\BOOKMARK [1][-]{section.130}{\376\377\000A\000r\000q\000u\000i\000t\000e\000c\000t\000u\000r\000a\000\040\000R\000a\000d\000i\000x\000-\0004}{chapter.106}% 44
\BOOKMARK [2][-]{subsection.131}{\376\377\000D\000e\000s\000c\000r\000i\000p\000c\000i\000\363\000n\000\040\000g\000e\000n\000e\000r\000a\000l}{section.130}% 45
\BOOKMARK [2][-]{subsection.144}{\376\377\000M\000e\000m\000o\000r\000i\000a}{section.130}% 46
\BOOKMARK [2][-]{subsection.147}{\376\377\000S\000u\000m\000a\000d\000o\000r\000/\000r\000e\000s\000t\000a\000d\000o\000r}{section.130}% 47
\BOOKMARK [2][-]{subsection.149}{\376\377\000D\000a\000t\000a\000p\000a\000t\000h}{section.130}% 48
\BOOKMARK [2][-]{subsection.153}{\376\377\000U\000n\000i\000d\000a\000d\000\040\000d\000e\000\040\000c\000o\000n\000t\000r\000o\000l}{section.130}% 49
\BOOKMARK [3][-]{section*.155}{\376\377\000M\000\341\000q\000u\000i\000n\000a\000s\000\040\000d\000e\000\040\000e\000s\000t\000a\000d\000o\000s}{subsection.153}% 50
\BOOKMARK [3][-]{section*.158}{\376\377\000C\000o\000n\000t\000r\000o\000l\000\040\000d\000e\000\040\000l\000a\000\040\000m\000e\000m\000o\000r\000i\000a}{subsection.153}% 51
\BOOKMARK [2][-]{subsection.159}{\376\377\000I\000n\000t\000e\000g\000r\000a\000c\000i\000\363\000n\000\040\000d\000e\000\040\000l\000a\000\040\000u\000n\000i\000d\000a\000d\000\040\000d\000e\000\040\000c\000o\000n\000t\000r\000o\000l}{section.130}% 52
\BOOKMARK [1][-]{section.161}{\376\377\000M\000\363\000d\000u\000l\000o\000s\000\040\000c\000o\000m\000p\000a\000r\000t\000i\000d\000o\000s\000\040\000p\000o\000r\000\040\000l\000a\000s\000\040\000d\000o\000s\000\040\000a\000r\000q\000u\000i\000t\000e\000c\000t\000u\000r\000a\000s}{chapter.106}% 53
\BOOKMARK [2][-]{subsection.162}{\376\377\000C\000o\000r\000d\000i\000c\000\040\000d\000e\000s\000e\000n\000r\000r\000o\000l\000l\000a\000d\000o}{section.161}% 54
\BOOKMARK [2][-]{subsection.166}{\376\377\000M\000u\000l\000t\000i\000p\000l\000i\000c\000a\000d\000o\000r\000\040\000c\000o\000m\000p\000l\000e\000j\000o}{section.161}% 55
\BOOKMARK [2][-]{subsection.169}{\376\377\000U\000n\000i\000d\000a\000d\000\040\000d\000e\000\040\000e\000s\000c\000a\000l\000a\000m\000i\000e\000n\000t\000o}{section.161}% 56
\BOOKMARK [1][-]{section.171}{\376\377\000I\000n\000t\000e\000r\000f\000a\000c\000e\000s\000\040\000d\000e\000\040\000l\000a\000s\000\040\000a\000r\000q\000u\000i\000t\000e\000c\000t\000u\000r\000a\000s}{chapter.106}% 57
\BOOKMARK [1][-]{section.173}{\376\377\000H\000e\000r\000r\000a\000m\000i\000e\000n\000t\000a\000s\000\040\000u\000t\000i\000l\000i\000z\000a\000d\000a\000s\000\040\000p\000a\000r\000a\000\040\000e\000l\000\040\000d\000e\000s\000a\000r\000r\000o\000l\000l\000o}{chapter.106}% 58
\BOOKMARK [0][-]{chapter.184}{\376\377\000E\000s\000t\000u\000d\000i\000o\000,\000\040\000S\000i\000m\000u\000l\000a\000c\000i\000\363\000n\000\040\000y\000\040\000V\000a\000l\000i\000d\000a\000c\000i\000\363\000n\000\040\000d\000e\000\040\000l\000o\000s\000\040\000I\000P\000\040\000C\000o\000r\000e\000s\000\040\000G\000e\000n\000e\000r\000a\000d\000o\000s}{}% 59
\BOOKMARK [1][-]{section.185}{\376\377\000E\000s\000t\000r\000a\000t\000e\000g\000i\000a\000\040\000d\000e\000\040\000s\000i\000m\000u\000l\000a\000c\000i\000\363\000n\000,\000\040\000v\000e\000r\000i\000f\000i\000c\000a\000c\000i\000\363\000n\000\040\000y\000\040\000v\000a\000l\000i\000d\000a\000c\000i\000\363\000n}{chapter.184}% 60
\BOOKMARK [1][-]{section.186}{\376\377\000S\000i\000m\000u\000l\000a\000c\000i\000\363\000n\000\040\000y\000\040\000v\000e\000r\000i\000f\000i\000c\000a\000c\000i\000\363\000n\000\040\000d\000e\000\040\000l\000o\000s\000\040\000m\000\363\000d\000u\000l\000o\000s\000\040\000i\000n\000d\000i\000v\000i\000d\000u\000a\000l\000e\000s}{chapter.184}% 61
\BOOKMARK [1][-]{section.187}{\376\377\000S\000i\000m\000u\000l\000a\000c\000i\000\363\000n\000\040\000y\000\040\000v\000a\000l\000i\000d\000a\000c\000i\000\363\000n\000\040\000d\000e\000\040\000l\000a\000s\000\040\000a\000r\000q\000u\000i\000t\000e\000c\000t\000u\000r\000a\000s\000\040\000c\000o\000m\000p\000l\000e\000t\000a\000s}{chapter.184}% 62
\BOOKMARK [2][-]{subsection.188}{\376\377\000P\000r\000o\000c\000e\000s\000a\000m\000i\000e\000n\000t\000o\000\040\000d\000e\000\040\000s\000e\000\361\000a\000l\000e\000s\000\040\000p\000a\000t\000r\000\363\000n}{section.187}% 63
\BOOKMARK [3][-]{section*.189}{\376\377\000D\000e\000l\000t\000a\000\040\000e\000n\000\040\000c\000o\000m\000p\000o\000n\000e\000n\000t\000e\000\040\000`\0000\000'}{subsection.188}% 64
\BOOKMARK [3][-]{section*.191}{\376\377\000D\000e\000l\000t\000a}{subsection.188}% 65
\BOOKMARK [2][-]{subsection.193}{\376\377\000M\000e\000d\000i\000c\000i\000\363\000n\000\040\000d\000e\000l\000\040\000e\000r\000r\000o\000r}{section.187}% 66
\BOOKMARK [2][-]{subsection.200}{\376\377\000M\000e\000d\000i\000c\000i\000\363\000n\000\040\000d\000e\000\040\000l\000a\000\040\000d\000i\000s\000t\000o\000r\000s\000i\000\363\000n\000\040\000t\000o\000t\000a\000l\000\040\000a\000r\000m\000\363\000n\000i\000c\000a}{section.187}% 67
\BOOKMARK [3][-]{section*.209}{\376\377\000E\000f\000e\000c\000t\000o\000\040\000d\000e\000\040\000l\000a\000\040\000i\000n\000t\000e\000r\000m\000o\000d\000u\000l\000a\000c\000i\000\363\000n}{subsection.200}% 68
\BOOKMARK [2][-]{subsection.211}{\376\377\000E\000f\000e\000c\000t\000o\000s\000\040\000d\000e\000\040\000r\000e\000d\000o\000n\000d\000e\000a\000r\000\040\000o\000\040\000t\000r\000u\000n\000c\000a\000r\000\040\000e\000n\000\040\000u\000n\000a\000\040\000e\000t\000a\000p\000a}{section.187}% 69
\BOOKMARK [2][-]{subsection.215}{\376\377\000V\000a\000l\000i\000d\000a\000c\000i\000\363\000n\000\040\000d\000e\000\040\000l\000a\000s\000\040\000a\000r\000q\000u\000i\000t\000e\000c\000t\000u\000r\000a\000s\000\040\000m\000e\000d\000i\000a\000n\000t\000e\000\040\000p\000r\000u\000e\000b\000a\000s\000\040\000e\000n\000\040\000h\000a\000r\000d\000w\000a\000r\000e}{section.187}% 70
\BOOKMARK [1][-]{section.217}{\376\377\000A\000n\000\341\000l\000i\000s\000i\000s\000\040\000d\000e\000\040\000u\000t\000i\000l\000i\000z\000a\000c\000i\000\363\000n\000\040\000d\000e\000\040\000r\000e\000c\000u\000r\000s\000o\000s\000\040\000d\000e\000\040\000l\000a\000s\000\040\000a\000r\000q\000u\000i\000t\000e\000c\000t\000u\000r\000a\000s}{chapter.184}% 71
\BOOKMARK [0][-]{chapter.220}{\376\377\000C\000o\000n\000c\000l\000u\000s\000i\000o\000n\000e\000s}{}% 72
\BOOKMARK [1][-]{section.221}{\376\377\000C\000o\000n\000c\000l\000u\000s\000i\000o\000n\000e\000s\000\040\000G\000e\000n\000e\000r\000a\000l\000e\000s}{chapter.220}% 73
\BOOKMARK [1][-]{section.222}{\376\377\000T\000r\000a\000b\000a\000j\000o\000s\000\040\000F\000u\000t\000u\000r\000o\000s}{chapter.220}% 74
\BOOKMARK [0][-]{chapter*.228}{\376\377\000B\000i\000b\000l\000i\000o\000g\000r\000a\000f\000\355\000a}{}% 75
